#
# There is insufficient memory for the Java Runtime Environment to continue.
# Native memory allocation (malloc) failed to allocate 177616 bytes for Chunk::new
# Possible reasons:
#   The system is out of physical RAM or swap space
#   In 32 bit mode, the process size limit was hit
# Possible solutions:
#   Reduce memory load on the system
#   Increase physical memory or swap space
#   Check if swap backing store is full
#   Use 64 bit Java on a 64 bit OS
#   Decrease Java heap size (-Xmx/-Xms)
#   Decrease number of Java threads
#   Decrease Java thread stack sizes (-Xss)
#   Set larger code cache with -XX:ReservedCodeCacheSize=
# This output file may be truncated or incomplete.
#
#  Out of Memory Error (allocation.cpp:390), pid=5152, tid=0x0000000000001d0c
#
# JRE version: OpenJDK Runtime Environment (8.0) (build 1.8.0-adoptopenjdk-_2018_05_19_00_59-b00)
# Java VM: OpenJDK 64-Bit Server VM (25.71-b00 mixed mode windows-amd64 compressed oops)
# Failed to write core dump. Minidumps are not enabled by default on client versions of Windows
#

---------------  T H R E A D  ---------------

Current thread (0x00000000173c7000):  JavaThread "C2 CompilerThread1" daemon [_thread_in_native, id=7436, stack(0x0000000018b10000,0x0000000018c10000)]

Stack: [0x0000000018b10000,0x0000000018c10000]
[error occurred during error reporting (printing stack bounds), id 0xc0000005]

Native frames: (J=compiled Java code, j=interpreted, Vv=VM code, C=native code)


Current CompileTask:
C2:   1104  544       4       java.io.DataOutputStream::writeUTF (435 bytes)


---------------  P R O C E S S  ---------------

Java Threads: ( => current thread )
  0x0000000018d42000 JavaThread "Service Thread" daemon [_thread_blocked, id=2904, stack(0x0000000019110000,0x0000000019210000)]
  0x00000000173ce000 JavaThread "C1 CompilerThread2" daemon [_thread_in_native, id=10024, stack(0x0000000018c10000,0x0000000018d10000)]
=>0x00000000173c7000 JavaThread "C2 CompilerThread1" daemon [_thread_in_native, id=7436, stack(0x0000000018b10000,0x0000000018c10000)]
  0x00000000173c5000 JavaThread "C2 CompilerThread0" daemon [_thread_in_native, id=3460, stack(0x0000000018a10000,0x0000000018b10000)]
  0x00000000173c3800 JavaThread "Attach Listener" daemon [_thread_blocked, id=6188, stack(0x0000000018910000,0x0000000018a10000)]
  0x00000000173c1800 JavaThread "Signal Dispatcher" daemon [_thread_blocked, id=4564, stack(0x0000000018810000,0x0000000018910000)]
  0x00000000173a8000 JavaThread "Finalizer" daemon [_thread_blocked, id=8408, stack(0x0000000018610000,0x0000000018710000)]
  0x0000000002865800 JavaThread "Reference Handler" daemon [_thread_blocked, id=872, stack(0x0000000018510000,0x0000000018610000)]
  0x0000000002773800 JavaThread "main" [_thread_in_vm, id=11516, stack(0x00000000025d0000,0x00000000026d0000)]

Other Threads:
  0x0000000017384800 VMThread [stack: 0x0000000018410000,0x0000000018510000] [id=6712]
  0x0000000018d43800 WatcherThread [stack: 0x0000000019210000,0x0000000019310000] [id=5988]

VM state:not at safepoint (normal execution)

VM Mutex/Monitor currently owned by a thread: None

Heap:
 PSYoungGen      total 38400K, used 12698K [0x00000000d5d80000, 0x00000000d8800000, 0x0000000100000000)
  eden space 33280K, 38% used [0x00000000d5d80000,0x00000000d69e6bb0,0x00000000d7e00000)
  from space 5120K, 0% used [0x00000000d8300000,0x00000000d8300000,0x00000000d8800000)
  to   space 5120K, 0% used [0x00000000d7e00000,0x00000000d7e00000,0x00000000d8300000)
 ParOldGen       total 87552K, used 0K [0x0000000081800000, 0x0000000086d80000, 0x00000000d5d80000)
  object space 87552K, 0% used [0x0000000081800000,0x0000000081800000,0x0000000086d80000)
 Metaspace       used 8584K, capacity 8838K, committed 9088K, reserved 1056768K
  class space    used 1057K, capacity 1133K, committed 1152K, reserved 1048576K

Card table byte_map: [0x0000000011c30000,0x0000000012030000] byte_map_base: 0x0000000011824000

Marking Bits: (ParMarkBitMap*) 0x0000000067f1be50
 Begin Bits: [0x00000000126e0000, 0x0000000014680000)
 End Bits:   [0x0000000014680000, 0x0000000016620000)

Polling page: 0x0000000000e50000

CodeCache: size=245760Kb used=2511Kb max_used=2511Kb free=243248Kb
 bounds [0x0000000002870000, 0x0000000002af0000, 0x0000000011870000]
 total_blobs=986 nmethods=660 adapters=239
 compilation: enabled

Compilation events (10 events):
Event: 1.069 Thread 0x00000000173ce000  548       3       java.io.DataOutputStream::writeInt (65 bytes)
Event: 1.069 Thread 0x00000000173ce000 nmethod 548 0x0000000002aaf810 code [0x0000000002aaf9c0, 0x0000000002aaff18]
Event: 1.069 Thread 0x00000000173ce000  545       3       java.lang.Class::getReflectionFactory (26 bytes)
Event: 1.070 Thread 0x00000000173ce000 nmethod 545 0x0000000002ab00d0 code [0x0000000002ab0260, 0x0000000002ab0628]
Event: 1.071 Thread 0x00000000173c5000 nmethod 539 0x0000000002ab3790 code [0x0000000002ab38e0, 0x0000000002ab3cf8]
Event: 1.071 Thread 0x00000000173c5000  547       4       java.io.DataOutputStream::writeShort (35 bytes)
Event: 1.074 Thread 0x00000000173ce000  549       3       java.lang.Class::checkMemberAccess (49 bytes)
Event: 1.075 Thread 0x00000000173ce000 nmethod 549 0x0000000002ab2b10 code [0x0000000002ab2ca0, 0x0000000002ab31f8]
Event: 1.075 Thread 0x00000000173ce000  550       3       java.nio.Buffer::nextGetIndex (38 bytes)
Event: 1.075 Thread 0x00000000173ce000 nmethod 550 0x0000000002ab2690 code [0x0000000002ab2800, 0x0000000002ab2a28]

GC Heap History (0 events):
No events

Deoptimization events (3 events):
Event: 0.912 Thread 0x0000000002773800 Uncommon trap: reason=unstable_if action=reinterpret pc=0x0000000002a478dc method=java.lang.String.indexOf([CII[CIII)I @ 3
Event: 1.031 Thread 0x0000000002773800 Uncommon trap: reason=unstable_if action=reinterpret pc=0x0000000002aa37d8 method=java.util.HashMap.getNode(ILjava/lang/Object;)Ljava/util/HashMap$Node; @ 129
Event: 1.033 Thread 0x0000000002773800 Uncommon trap: reason=unstable_if action=reinterpret pc=0x0000000002a97ff4 method=java.util.HashMap.getNode(ILjava/lang/Object;)Ljava/util/HashMap$Node; @ 129

Classes redefined (0 events):
No events

Internal exceptions (10 events):
Event: 0.893 Thread 0x0000000002773800 Exception <a 'sun/nio/fs/WindowsException'> (0x00000000d672cd30) thrown at [C:\Users\jenkins\workspace\openjdk8_build_x86-64_windows\openjdk\hotspot\src\share\vm\prims\jni.cpp, line 709]
Event: 0.894 Thread 0x0000000002773800 Exception <a 'sun/nio/fs/WindowsException'> (0x00000000d672f6d0) thrown at [C:\Users\jenkins\workspace\openjdk8_build_x86-64_windows\openjdk\hotspot\src\share\vm\prims\jni.cpp, line 709]
Event: 0.894 Thread 0x0000000002773800 Exception <a 'sun/nio/fs/WindowsException'> (0x00000000d672fca0) thrown at [C:\Users\jenkins\workspace\openjdk8_build_x86-64_windows\openjdk\hotspot\src\share\vm\prims\jni.cpp, line 709]
Event: 0.894 Thread 0x0000000002773800 Exception <a 'sun/nio/fs/WindowsException'> (0x00000000d6730740) thrown at [C:\Users\jenkins\workspace\openjdk8_build_x86-64_windows\openjdk\hotspot\src\share\vm\prims\jni.cpp, line 709]
Event: 0.894 Thread 0x0000000002773800 Exception <a 'sun/nio/fs/WindowsException'> (0x00000000d6730d48) thrown at [C:\Users\jenkins\workspace\openjdk8_build_x86-64_windows\openjdk\hotspot\src\share\vm\prims\jni.cpp, line 709]
Event: 0.913 Thread 0x0000000002773800 Exception <a 'java/lang/ClassNotFoundException': com/sun/org/glassfish/hk2/osgiresourcelocator/ServiceLoader> (0x00000000d6784a20) thrown at [C:\Users\jenkins\workspace\openjdk8_build_x86-64_windows\openjdk\hotspot\src\share\vm\classfile\systemDictionary.
Event: 0.989 Thread 0x0000000002773800 Exception <a 'java/lang/NullPointerException'> (0x00000000d679d028) thrown at [C:\Users\jenkins\workspace\openjdk8_build_x86-64_windows\openjdk\hotspot\src\share\vm\interpreter\linkResolver.cpp, line 1287]
Event: 1.070 Thread 0x0000000002773800 Exception <a 'java/lang/ArrayIndexOutOfBoundsException'> (0x00000000d6875158) thrown at [C:\Users\jenkins\workspace\openjdk8_build_x86-64_windows\openjdk\hotspot\src\share\vm\runtime\sharedRuntime.cpp, line 605]
Event: 1.070 Thread 0x0000000002773800 Exception <a 'java/lang/ArrayIndexOutOfBoundsException'> (0x00000000d6876710) thrown at [C:\Users\jenkins\workspace\openjdk8_build_x86-64_windows\openjdk\hotspot\src\share\vm\runtime\sharedRuntime.cpp, line 605]
Event: 1.071 Thread 0x0000000002773800 Exception <a 'java/lang/ArrayIndexOutOfBoundsException'> (0x00000000d6877d50) thrown at [C:\Users\jenkins\workspace\openjdk8_build_x86-64_windows\openjdk\hotspot\src\share\vm\runtime\sharedRuntime.cpp, line 605]

Events (10 events):
Event: 1.071 loading class javax/xml/bind/annotation/XmlSchemaTypes
Event: 1.072 loading class javax/xml/bind/annotation/XmlSchemaTypes done
Event: 1.072 loading class com/sun/xml/internal/bind/v2/runtime/reflect/AdaptedAccessor
Event: 1.073 loading class com/sun/xml/internal/bind/v2/runtime/reflect/AdaptedAccessor done
Event: 1.073 loading class com/sun/xml/internal/bind/v2/runtime/reflect/Utils
Event: 1.074 loading class com/sun/xml/internal/bind/v2/runtime/reflect/Utils done
Event: 1.074 loading class com/sun/xml/internal/bind/v2/runtime/reflect/Utils$1
Event: 1.074 loading class com/sun/xml/internal/bind/v2/runtime/reflect/Utils$1 done
Event: 1.075 loading class javax/xml/bind/annotation/adapters/CollapsedStringAdapter
Event: 1.075 loading class javax/xml/bind/annotation/adapters/CollapsedStringAdapter done


Dynamic libraries:
0x00007ff74b740000 - 0x00007ff74b775000 	C:\Program Files\Unity\Hub\Editor\2019.2.11f1\Editor\Data\PlaybackEngines\AndroidPlayer\Tools\OpenJDK\Windows\bin\java.exe
0x00007ffb30c60000 - 0x00007ffb30e0d000 	C:\Windows\SYSTEM32\ntdll.dll
0x00007ffb2fea0000 - 0x00007ffb2ffdf000 	C:\Windows\system32\KERNEL32.DLL
0x00007ffb15950000 - 0x00007ffb15964000 	C:\Program Files\AVAST Software\Avast\aswhook.dll
0x00007ffb2df90000 - 0x00007ffb2e0a6000 	C:\Windows\system32\KERNELBASE.dll
0x00007ffb2fb60000 - 0x00007ffb2fc0a000 	C:\Windows\system32\ADVAPI32.dll
0x00007ffb30210000 - 0x00007ffb30387000 	C:\Windows\system32\USER32.dll
0x00007ffb2b790000 - 0x00007ffb2ba0b000 	C:\Windows\WinSxS\amd64_microsoft.windows.common-controls_6595b64144ccf1df_6.0.9600.19394_none_62486577ecb635cf\COMCTL32.dll
0x00007ffb30530000 - 0x00007ffb305da000 	C:\Windows\system32\msvcrt.dll
0x00007ffb2fd80000 - 0x00007ffb2fdd9000 	C:\Windows\SYSTEM32\sechost.dll
0x00007ffb2ffe0000 - 0x00007ffb30120000 	C:\Windows\system32\RPCRT4.dll
0x00007ffb305e0000 - 0x00007ffb3072c000 	C:\Windows\system32\GDI32.dll
0x00007ffb2de60000 - 0x00007ffb2de8e000 	C:\Windows\system32\SspiCli.dll
0x00007ffb308f0000 - 0x00007ffb30926000 	C:\Windows\system32\IMM32.DLL
0x00007ffb2fc20000 - 0x00007ffb2fd72000 	C:\Windows\system32\MSCTF.dll
0x0000000067fa0000 - 0x0000000068072000 	C:\Program Files\Unity\Hub\Editor\2019.2.11f1\Editor\Data\PlaybackEngines\AndroidPlayer\Tools\OpenJDK\Windows\jre\bin\msvcr100.dll
0x0000000067750000 - 0x0000000067f99000 	C:\Program Files\Unity\Hub\Editor\2019.2.11f1\Editor\Data\PlaybackEngines\AndroidPlayer\Tools\OpenJDK\Windows\jre\bin\server\jvm.dll
0x00007ffb27e30000 - 0x00007ffb27e39000 	C:\Windows\SYSTEM32\WSOCK32.dll
0x00007ffb29af0000 - 0x00007ffb29b12000 	C:\Windows\SYSTEM32\WINMM.dll
0x00007ffb2b030000 - 0x00007ffb2b03a000 	C:\Windows\SYSTEM32\VERSION.dll
0x00007ffb2fc10000 - 0x00007ffb2fc17000 	C:\Windows\system32\PSAPI.DLL
0x00007ffb30c00000 - 0x00007ffb30c5a000 	C:\Windows\system32\WS2_32.dll
0x00007ffb28240000 - 0x00007ffb2826a000 	C:\Windows\SYSTEM32\WINMMBASE.dll
0x00007ffb30190000 - 0x00007ffb30199000 	C:\Windows\system32\NSI.dll
0x00007ffb2df40000 - 0x00007ffb2df8f000 	C:\Windows\SYSTEM32\cfgmgr32.dll
0x00007ffb2cba0000 - 0x00007ffb2cbc8000 	C:\Windows\SYSTEM32\DEVOBJ.dll
0x00007ffb29ac0000 - 0x00007ffb29acf000 	C:\Program Files\Unity\Hub\Editor\2019.2.11f1\Editor\Data\PlaybackEngines\AndroidPlayer\Tools\OpenJDK\Windows\jre\bin\verify.dll
0x00007ffb22400000 - 0x00007ffb22429000 	C:\Program Files\Unity\Hub\Editor\2019.2.11f1\Editor\Data\PlaybackEngines\AndroidPlayer\Tools\OpenJDK\Windows\jre\bin\java.dll
0x00007ffb223e0000 - 0x00007ffb223f6000 	C:\Program Files\Unity\Hub\Editor\2019.2.11f1\Editor\Data\PlaybackEngines\AndroidPlayer\Tools\OpenJDK\Windows\jre\bin\zip.dll
0x00007ffb2e5d0000 - 0x00007ffb2fafb000 	C:\Windows\system32\SHELL32.dll
0x00007ffb30930000 - 0x00007ffb30b40000 	C:\Windows\SYSTEM32\combase.dll
0x00007ffb2fb00000 - 0x00007ffb2fb54000 	C:\Windows\system32\SHLWAPI.dll
0x00007ffb2c670000 - 0x00007ffb2c722000 	C:\Windows\SYSTEM32\SHCORE.dll
0x00007ffb2dd90000 - 0x00007ffb2dda5000 	C:\Windows\SYSTEM32\profapi.dll
0x00007ffb223c0000 - 0x00007ffb223da000 	C:\Program Files\Unity\Hub\Editor\2019.2.11f1\Editor\Data\PlaybackEngines\AndroidPlayer\Tools\OpenJDK\Windows\jre\bin\net.dll
0x00007ffb2d620000 - 0x00007ffb2d679000 	C:\Windows\system32\mswsock.dll
0x00007ffb223a0000 - 0x00007ffb223b1000 	C:\Program Files\Unity\Hub\Editor\2019.2.11f1\Editor\Data\PlaybackEngines\AndroidPlayer\Tools\OpenJDK\Windows\jre\bin\nio.dll

VM Arguments:
jvm_args: -Dcom.android.sdklib.toolsdir=C:\Users\Utilisateur\AppData\Local\Android\Sdk\tools\bin\\.. 
java_command: com.android.sdklib.tool.sdkmanager.SdkManagerCli --list
java_class_path (initial): C:\Users\Utilisateur\AppData\Local\Android\Sdk\tools\bin\..\lib\dvlib-26.0.0-dev.jar;C:\Users\Utilisateur\AppData\Local\Android\Sdk\tools\bin\..\lib\jimfs-1.1.jar;C:\Users\Utilisateur\AppData\Local\Android\Sdk\tools\bin\..\lib\jsr305-1.3.9.jar;C:\Users\Utilisateur\AppData\Local\Android\Sdk\tools\bin\..\lib\repository-26.0.0-dev.jar;C:\Users\Utilisateur\AppData\Local\Android\Sdk\tools\bin\..\lib\j2objc-annotations-1.1.jar;C:\Users\Utilisateur\AppData\Local\Android\Sdk\tools\bin\..\lib\layoutlib-api-26.0.0-dev.jar;C:\Users\Utilisateur\AppData\Local\Android\Sdk\tools\bin\..\lib\gson-2.3.jar;C:\Users\Utilisateur\AppData\Local\Android\Sdk\tools\bin\..\lib\httpcore-4.2.5.jar;C:\Users\Utilisateur\AppData\Local\Android\Sdk\tools\bin\..\lib\commons-logging-1.1.1.jar;C:\Users\Utilisateur\AppData\Local\Android\Sdk\tools\bin\..\lib\commons-compress-1.12.jar;C:\Users\Utilisateur\AppData\Local\Android\Sdk\tools\bin\..\lib\annotations-26.0.0-dev.jar;C:\Users\Utilisateur\AppData\Local\Android\Sdk\tools\bin\..\lib\error_prone_annotations-2.0.18.jar;C:\Users\Utilisateur\AppData\Local\Android\Sdk\tools\bin\..\lib\animal-sniffer-annotations-1.14.jar;C:\Users\Utilisateur\AppData\Local\Android\Sdk\tools\bin\..\lib\httpclient-4.2.6.jar;C:\Users\Utilisateur\AppData\Local\Android\Sdk\tools\bin\..\lib\commons-codec-1.6.jar;C:\Users\Utilisateur\AppData\Local\Android\Sdk\tools\bin\..\lib\common-26.0.0-dev.jar;C:\Users\Utilisateur\AppData\Local\Android\Sdk\tools\bin\..\lib\kxml2-2.3.0.jar;C:\Users\Utilisateur\AppData\Local\Android\Sdk\tools\bin\..\lib\httpmime-4.1.jar;C:\Users\Utilisateur\AppData\Local\Android\Sdk\tools\bin\..\lib\annotations-12.0.jar;C:\Users\Utilisateur\AppData\Local\Android\Sdk\tools\bin\..\lib\sdklib-26.0.0-dev.jar;C:\Users\Utilisateur\AppData\Local\Android\Sdk\tools\bin\..\lib\guava-22.0.jar
Launcher Type: SUN_STANDARD

Environment Variables:
JAVA_HOME=C:/Program Files/Unity/Hub/Editor/2019.2.11f1/Editor/Data/PlaybackEngines/AndroidPlayer/Tools\OpenJDK\Windows
CLASSPATH=C:\Users\Utilisateur\AppData\Local\Android\Sdk\tools\bin\..\lib\dvlib-26.0.0-dev.jar;C:\Users\Utilisateur\AppData\Local\Android\Sdk\tools\bin\..\lib\jimfs-1.1.jar;C:\Users\Utilisateur\AppData\Local\Android\Sdk\tools\bin\..\lib\jsr305-1.3.9.jar;C:\Users\Utilisateur\AppData\Local\Android\Sdk\tools\bin\..\lib\repository-26.0.0-dev.jar;C:\Users\Utilisateur\AppData\Local\Android\Sdk\tools\bin\..\lib\j2objc-annotations-1.1.jar;C:\Users\Utilisateur\AppData\Local\Android\Sdk\tools\bin\..\lib\layoutlib-api-26.0.0-dev.jar;C:\Users\Utilisateur\AppData\Local\Android\Sdk\tools\bin\..\lib\gson-2.3.jar;C:\Users\Utilisateur\AppData\Local\Android\Sdk\tools\bin\..\lib\httpcore-4.2.5.jar;C:\Users\Utilisateur\AppData\Local\Android\Sdk\tools\bin\..\lib\commons-logging-1.1.1.jar;C:\Users\Utilisateur\AppData\Local\Android\Sdk\tools\bin\..\lib\commons-compress-1.12.jar;C:\Users\Utilisateur\AppData\Local\Android\Sdk\tools\bin\..\lib\annotations-26.0.0-dev.jar;C:\Users\Utilisateur\AppData\Local\Android\Sdk\tools\bin\..\lib\error_prone_annotations-2.0.18.jar;C:\Users\Utilisateur\AppData\Local\Android\Sdk\tools\bin\..\lib\animal-sniffer-annotations-1.14.jar;C:\Users\Utilisateur\AppData\Local\Android\Sdk\tools\bin\..\lib\httpclient-4.2.6.jar;C:\Users\Utilisateur\AppData\Local\Android\Sdk\tools\bin\..\lib\commons-codec-1.6.jar;C:\Users\Utilisateur\AppData\Local\Android\Sdk\tools\bin\..\lib\common-26.0.0-dev.jar;C:\Users\Utilisateur\AppData\Local\Android\Sdk\tools\bin\..\lib\kxml2-2.3.0.jar;C:\Users\Utilisateur\AppData\Local\Android\Sdk\tools\bin\..\lib\httpmime-4.1.jar;C:\Users\Utilisateur\AppData\Local\Android\Sdk\tools\bin\..\lib\annotations-12.0.jar;C:\Users\Utilisateur\AppData\Local\Android\Sdk\tools\bin\..\lib\sdklib-26.0.0-dev.jar;C:\Users\Utilisateur\AppData\Local\Android\Sdk\tools\bin\..\lib\guava-22.0.jar
PATH=C:\Program Files (x86)\Common Files\Oracle\Java\javapath;C:\Windows\system32;C:\Windows;C:\Windows\System32\Wbem;C:\Windows\System32\WindowsPowerShell\v1.0\;C:\Program Files\dotnet\;C:\Program Files\nodejs\;C:\Program Files\Git\cmd;C:\Program Files (x86)\Graphviz2.38\bin;C:\Users\Utilisateur\AppData\Local\Programs\Python\Python35\Scripts\;C:\Users\Utilisateur\AppData\Local\Programs\Python\Python35\;C:\Users\Utilisateur\AppData\Local\Programs\Microsoft VS Code\bin;C:\Users\Utilisateur\AppData\Roaming\npm;
USERNAME=SYSTEM
OS=Windows_NT
PROCESSOR_IDENTIFIER=Intel64 Family 6 Model 69 Stepping 1, GenuineIntel



---------------  S Y S T E M  ---------------

OS: Windows 8.1 , 64 bit Build 9600 (6.3.9600.19538)

CPU:total 4 (initial active 4) (2 cores per cpu, 2 threads per core) family 6 model 69 stepping 1, cmov, cx8, fxsr, mmx, sse, sse2, sse3, ssse3, sse4.1, sse4.2, popcnt, avx, avx2, aes, clmul, erms, lzcnt, ht, tsc, tscinvbit, bmi1, bmi2

Memory: 4k page, physical 8283244k(1151168k free), swap 11428972k(5028k free)

vm_info: OpenJDK 64-Bit Server VM (25.71-b00) for windows-amd64 JRE (1.8.0-adoptopenjdk-_2018_05_19_00_59-b00), built on May 19 2018 01:02:12 by "jenkins" with MS VC++ 10.0 (VS2010)

time: Sat Dec 07 22:28:58 2019
elapsed time: 1 seconds (0d 0h 0m 1s)

